[debug] [2024-09-07T17:42:39.931Z] ----------------------------------------------------------------------
[debug] [2024-09-07T17:42:39.943Z] Command:       C:\Program Files\nodejs\node.exe C:\Users\HP\AppData\Roaming\npm\node_modules\firebase-tools\lib\bin\firebase.js init
[debug] [2024-09-07T17:42:39.944Z] CLI Version:   13.16.0
[debug] [2024-09-07T17:42:39.944Z] Platform:      win32
[debug] [2024-09-07T17:42:39.945Z] Node Version:  v20.12.2
[debug] [2024-09-07T17:42:39.945Z] Time:          Sat Sep 07 2024 20:42:39 GMT+0300 (East Africa Time)
[debug] [2024-09-07T17:42:39.946Z] ----------------------------------------------------------------------
[debug] 
[debug] [2024-09-07T17:42:39.982Z] > command requires scopes: ["email","openid","https://www.googleapis.com/auth/cloudplatformprojects.readonly","https://www.googleapis.com/auth/firebase","https://www.googleapis.com/auth/cloud-platform"]
[debug] [2024-09-07T17:42:39.985Z] > authorizing via signed-in user (stayrasaurus@gmail.com)
[info] 
     ######## #### ########  ######## ########     ###     ######  ########
     ##        ##  ##     ## ##       ##     ##  ##   ##  ##       ##
     ######    ##  ########  ######   ########  #########  ######  ######
     ##        ##  ##    ##  ##       ##     ## ##     ##       ## ##
     ##       #### ##     ## ######## ########  ##     ##  ######  ########

You're about to initialize a Firebase project in this directory:

  C:\Users\HP\Desktop\expense

[debug] [2024-09-08T11:26:25.841Z] ----------------------------------------------------------------------
[debug] [2024-09-08T11:26:25.863Z] Command:       C:\Program Files\nodejs\node.exe C:\Users\HP\AppData\Roaming\npm\node_modules\firebase-tools\lib\bin\firebase.js login
[debug] [2024-09-08T11:26:25.865Z] CLI Version:   13.16.0
[debug] [2024-09-08T11:26:25.865Z] Platform:      win32
[debug] [2024-09-08T11:26:25.866Z] Node Version:  v20.12.2
[debug] [2024-09-08T11:26:25.867Z] Time:          Sun Sep 08 2024 14:26:25 GMT+0300 (East Africa Time)
[debug] [2024-09-08T11:26:25.871Z] ----------------------------------------------------------------------
[debug] 
[info] Already logged in as stayrasaurus@gmail.com
[debug] [2024-09-08T11:26:33.895Z] Error: Timed out.
    at Timeout.<anonymous> (C:\Users\HP\AppData\Roaming\npm\node_modules\firebase-tools\lib\utils.js:268:49)
    at listOnTimeout (node:internal/timers:573:17)
    at process.processTimers (node:internal/timers:514:7)
[error] 
[error] Error: An unexpected error has occurred.
